
Sep 22 2019 12:55:16 : user ggn00b@mail.ru is successfully logged in
Sep 22 2019 12:57:03 : unknown user ggn00b@gmail.ru login attempt
Sep 22 2019 12:57:13 : user ggn00b@mail.ru failed login attempt
Sep 22 2019 12:57:22 : user ggn00b@mail.ru is successfully logged in
Sep 22 2019 13:06:10 : user ggn00b@mail.ru is successfully logged in
Sep 22 2019 13:06:18 : user ggn00b@mail.ru is successfully logged in
Sep 22 2019 13:07:14 : user ggn00b@mail.ru is successfully logged in
Sep 22 2019 13:07:31 : user ggn00b@mail.ru is successfully logged in
Sep 22 2019 13:23:04 : user ggn00b@mail.ru is successfully logged in
Sep 22 2019 13:25:57 : user 1 generated qr for 1
Sep 22 2019 13:26:14 : user 3 generated qr for 3
Sep 22 2019 13:26:37 : user 1 generated qr for 3
Sep 22 2019 13:29:06 : user ggn00b@mail.ru generated qr for himself
Sep 23 2019 12:37:13 : user ggn00b@mail.ru is successfully logged in
Sep 23 2019 12:37:56 : user ggn00b@mail.ru is successfully logged in
Sep 23 2019 12:38:03 : user ggn00b@mail.ru generated qr for himself
Sep 23 2019 12:38:19 : user 1 generated qr for user 1
Sep 23 2019 12:39:19 : user 1 generated qr for user 1
Sep 24 2019 14:53:43 : user ggn00b@mail.ua is successfully logged in
Sep 24 2019 14:54:05 : user ggn000b@gmail.com is successfully logged in
Sep 24 2019 14:54:24 : user ggn00b@mail.ua is successfully logged in
Sep 26 2019 12:24:58 : user 1 is successfully logged in
Sep 26 2019 12:25:49 : user 1 generated qr for user 1
Sep 26 2019 12:25:56 : user 1 generated qr for user 1
Sep 26 2019 12:25:57 : user 1 generated qr for user 1
Sep 26 2019 12:25:57 : user 1 generated qr for user 1
Sep 26 2019 12:25:58 : user 1 generated qr for user 1
Sep 26 2019 12:25:59 : user 1 generated qr for user 1
Sep 26 2019 12:25:59 : user 1 generated qr for user 1
Sep 26 2019 12:26:00 : user 1 generated qr for user 1
Sep 26 2019 12:26:00 : user 1 generated qr for user 1
Sep 26 2019 12:26:01 : user 1 generated qr for user 1
Sep 26 2019 12:26:10 : user 1 generated qr for user 1
Sep 26 2019 12:29:15 : user 1 requested all users list
Sep 26 2019 12:29:25 : user 1 requested user 1
Sep 26 2019 12:29:31 : user 1 requested user 3
Sep 26 2019 12:29:37 : user 1 requested user 2
Sep 26 2019 12:30:31 : user 1 is successfully logged in
Sep 26 2019 12:30:32 : user 1 is successfully logged in
Sep 30 2019 15:33:40 : user 1 is successfully logged in
Sep 30 2019 15:34:49 : user 1 is successfully logged in
Sep 30 2019 15:35:04 : user 1 is successfully logged in
Sep 30 2019 15:35:23 : updated user 1 last seen
Sep 30 2019 15:35:27 : user 1 requested all users list
Sep 30 2019 15:35:27 : updated user 1 last seen
Oct 01 2019 12:13:02 : user 1 is successfully logged in
Oct 01 2019 12:32:19 : updated user 1 last seen
Oct 01 2019 12:32:23 : user 1 requested all users list
Oct 01 2019 12:32:23 : updated user 1 last seen
Oct 01 2019 12:32:27 : unsuccessful api key decode eyJhbGciOiJIUzI1iIsInR5cCI6IkpXVCJ9.eyJpZCI6MSwicGVybWlzc2lvbnMiOjEsImlhdCI6MTU2OTQ4OTg5OH0.W0liO01Kss6xA_32quG0DfqMu1N3XnKkaemd2pICSmc
Oct 01 2019 12:40:59 : unsuccessful api key decode undefined
Oct 01 2019 12:41:18 : activity internal error Error: SQLITE_ERROR: no such column: ggg
Oct 01 2019 12:43:28 : get id activity internal error Error: SQLITE_ERROR: no such column: g
Oct 01 2019 13:31:06 : unsuccessful api key decode undefined
Oct 01 2019 13:31:19 : unsuccessful api key decode undefined
Oct 01 2019 13:31:28 : user 1 is successfully logged in
Oct 01 2019 13:31:44 : unsuccessful api key decode undefined
Oct 01 2019 13:31:49 : user 1 requested user 3
Oct 01 2019 13:31:49 : updated user 1 last seen
Oct 01 2019 13:32:05 : user 1 requested user 6
Oct 01 2019 13:32:05 : updated user 1 last seen
Oct 01 2019 13:32:08 : user 1 requested user 6
Oct 01 2019 13:32:08 : updated user 1 last seen
Oct 01 2019 13:32:44 : user 1 requested user 6
Oct 01 2019 13:32:44 : get users id not found 6
Oct 01 2019 13:32:44 : updated user 1 last seen
Oct 01 2019 13:34:41 : user 1 requested user 6
Oct 01 2019 13:34:41 : get users id not found 6
Oct 01 2019 15:06:25 : user 1 requested user 3
Oct 01 2019 15:10:13 : user 1 posted user with email ggn000b@.gg
Oct 01 2019 15:19:21 : activity is not validated
Oct 01 2019 15:22:51 : activity is not validated
Oct 02 2019 12:15:21 : task is not validated
Oct 02 2019 12:16:15 : tasks internal error Error: SQLITE_BUSY: database is locked
Oct 02 2019 12:16:34 : tasks internal error Error: SQLITE_BUSY: database is locked
Oct 02 2019 12:57:06 : unsuccessful api key decode undefined
Oct 02 2019 12:57:12 : user 1 requested user 3
Oct 02 2019 12:58:03 : user 1 requested all users list
Oct 02 2019 12:59:22 : user 1 requested all users list
Oct 02 2019 13:00:03 : user 1 requested all users list
Oct 02 2019 13:00:29 : user 1 requested all users list
Oct 02 2019 13:00:46 : user 1 requested all users list
Oct 02 2019 13:00:50 : user 1 requested all users list
Oct 02 2019 13:02:01 : user 1 requested all users list
Oct 02 2019 13:02:16 : user 1 requested all users list
Oct 02 2019 13:02:31 : user 1 requested all users list
Oct 02 2019 13:03:24 : user 1 requested user 1
Oct 02 2019 13:54:13 : user 1 updated user 1
Oct 02 2019 13:54:23 : user 1 requested user 1
Oct 02 2019 13:54:38 : user 1 requested user 1
Oct 02 2019 13:54:43 : user 1 requested user 1
Oct 02 2019 13:54:56 : user 1 updated user 1
Oct 02 2019 13:54:58 : user 1 requested user 1
Oct 02 2019 14:05:01 : user 1 is successfully logged in
Oct 02 2019 14:05:15 : user 1 is successfully logged in
Oct 03 2019 14:31:42 : get virtual id not found 3
Oct 03 2019 14:32:31 : virtual internal error Error: SQLITE_ERROR: no such column: undefined
Oct 03 2019 14:33:13 : virtual internal error Error: SQLITE_ERROR: no such column: undefined
Oct 03 2019 14:33:50 : virtual internal error Error: SQLITE_ERROR: no such column: undefined
Oct 03 2019 14:34:06 : virtual internal error Error: SQLITE_ERROR: no such column: undefined
Oct 03 2019 14:36:06 : activity is not validated
Oct 04 2019 13:21:49 : user 1 requested user 3
Oct 04 2019 13:23:21 : unsuccessful api key decode undefined
Oct 04 2019 13:23:25 : user 1 requested all users list
Oct 04 2019 13:23:45 : user 1 requested all users list
Oct 04 2019 13:24:08 : user 1 posted user with email test@gmail.com
Oct 04 2019 13:24:10 : user 1 requested all users list
Oct 04 2019 13:24:51 : user 1 updated user 4
Oct 04 2019 13:24:54 : user 1 requested all users list
Oct 04 2019 13:25:20 : user 1 requested all users list
Oct 04 2019 13:26:40 : user 1 updated user 4
Oct 04 2019 13:26:43 : user 1 requested all users list
Oct 04 2019 13:26:47 : user 1 updated user 4
Oct 04 2019 13:26:49 : user 1 updated user 4
Oct 04 2019 13:32:40 : user 1 updated user 4
Oct 04 2019 13:32:42 : user 1 requested all users list
Oct 04 2019 13:33:04 : user 1 updated user 4
Oct 04 2019 13:33:04 : user 1 updated user 4
Oct 04 2019 13:33:06 : user 1 requested all users list
Oct 04 2019 13:33:12 : user 1 updated user 4
Oct 04 2019 13:33:12 : user 1 updated user 4
Oct 04 2019 13:33:13 : user 1 updated user 4
Oct 04 2019 13:33:13 : user 1 updated user 4
Oct 04 2019 13:33:15 : user 1 requested all users list
Oct 04 2019 13:33:28 : user 1 updated user 4
Oct 04 2019 13:33:31 : user 1 requested all users list
Oct 04 2019 13:33:58 : user 1 updated user 4
Oct 04 2019 13:34:00 : user 1 requested all users list
Oct 04 2019 13:34:28 : user 1 updated user 4
Oct 04 2019 13:34:30 : user 1 requested all users list
Oct 04 2019 13:35:11 : user 1 updated user 4
Oct 04 2019 13:35:14 : user 1 requested all users list
Oct 04 2019 13:35:27 : user 1 requested all users list
Oct 04 2019 13:36:04 : user 1 updated user 4
Oct 04 2019 13:36:05 : user 1 requested all users list
Oct 04 2019 13:36:13 : user 1 requested user 4
Oct 04 2019 13:36:36 : user 1 updated user 4
Oct 04 2019 13:36:39 : user 1 requested user 4
Oct 04 2019 13:36:48 : user 1 updated user 4
Oct 04 2019 13:36:50 : user 1 requested user 4
Oct 04 2019 13:36:51 : user 1 requested user 4
Oct 04 2019 13:36:52 : user 1 requested user 4
Oct 04 2019 13:37:03 : user 1 updated user 4
Oct 04 2019 13:37:04 : user 1 requested user 4
Oct 04 2019 13:37:05 : user 1 requested user 4
Oct 04 2019 13:37:06 : user 1 requested user 4
Oct 04 2019 13:37:06 : user 1 requested user 4
Oct 04 2019 13:37:12 : user 1 updated user 4
Oct 04 2019 13:37:14 : user 1 requested user 4
Oct 04 2019 13:37:27 : user 1 updated user 4
Oct 04 2019 13:37:28 : user 1 requested user 4
Oct 04 2019 13:37:38 : user 1 requested user 4
Oct 04 2019 13:37:43 : user 1 requested user 4
Oct 04 2019 13:37:51 : user 1 requested user 4
Oct 04 2019 13:38:01 : user 1 requested all users list
Oct 04 2019 13:39:05 : user 1 updated user 4
Oct 04 2019 13:39:07 : user 1 requested all users list
Oct 04 2019 13:39:28 : user 1 requested all users list
Oct 04 2019 13:39:33 : user 1 updated user 4
Oct 04 2019 13:40:24 : user 1 updated user 4
Oct 04 2019 13:40:51 : user 1 updated user 4
Oct 04 2019 13:40:53 : user 1 requested all users list
Oct 04 2019 13:41:05 : user 1 updated user 4
Oct 04 2019 13:42:11 : user 1 updated user 4
Oct 04 2019 13:42:18 : user 1 updated user 4
Oct 04 2019 13:43:22 : user 1 updated user 4
Oct 04 2019 13:43:25 : user 1 requested all users list
Oct 04 2019 13:43:31 : user 1 requested user 4
Oct 04 2019 13:43:45 : user 1 updated user 4
Oct 04 2019 13:43:46 : user 1 requested user 4
Oct 04 2019 13:43:47 : user 1 requested user 4
Oct 04 2019 13:43:48 : user 1 requested user 4
Oct 04 2019 13:43:48 : user 1 requested user 4
Oct 04 2019 13:46:06 : user 1 updated user 4
Oct 04 2019 13:46:09 : user 1 requested user 4
Oct 04 2019 13:46:24 : user 1 updated user 4
Oct 04 2019 13:46:27 : user 1 requested user 4
Oct 04 2019 13:46:28 : user 1 requested user 4
Oct 04 2019 13:46:55 : user 1 requested user 4
Oct 04 2019 13:46:57 : user 1 requested user 4
Oct 04 2019 13:47:07 : user 1 updated user 4
Oct 04 2019 13:47:08 : user 1 requested user 4
Oct 04 2019 13:48:17 : user 1 updated user 4
Oct 04 2019 13:48:19 : user 1 requested user 4
Oct 04 2019 13:48:24 : user 1 updated user 4
Oct 04 2019 13:48:26 : user 1 requested user 4
Oct 04 2019 13:48:34 : user 1 updated user 4
Oct 04 2019 13:48:35 : user 1 requested user 4
Oct 04 2019 13:48:36 : user 1 requested user 4
Oct 04 2019 13:49:25 : user 1 updated user 4
Oct 04 2019 13:49:26 : user 1 requested user 4
Oct 04 2019 13:49:36 : user 1 updated user 4
Oct 04 2019 13:49:37 : user 1 requested user 4
Oct 04 2019 13:49:38 : user 1 requested user 4
Oct 04 2019 13:50:10 : user 1 updated user 4
Oct 04 2019 13:50:10 : need inspection users line 187 error
Oct 04 2019 13:51:28 : user 1 updated user 4
Oct 04 2019 13:51:28 : need inspection users line 187 error
Oct 04 2019 14:11:43 : user 1 updated user 4
Oct 04 2019 14:11:45 : user 1 requested user 4
Oct 04 2019 14:17:15 : user 1 requested user 4
Oct 04 2019 14:17:25 : user 1 updated user 4
Oct 04 2019 14:17:27 : user 1 requested user 4
Oct 04 2019 14:17:29 : user 1 requested user 4
Oct 04 2019 14:17:35 : user 1 updated user 4
Oct 04 2019 14:17:36 : user 1 requested user 4
Oct 04 2019 14:17:45 : user 1 updated user 4
Oct 04 2019 14:17:46 : user 1 requested user 4
Oct 04 2019 14:18:26 : user 1 updated user 4
Oct 04 2019 14:18:27 : user 1 requested user 4
Oct 04 2019 14:18:42 : user 1 updated user 4
Oct 04 2019 14:18:43 : user 1 requested user 4
Oct 04 2019 14:19:53 : user 1 updated user 4
Oct 04 2019 14:19:55 : user 1 requested user 4
Oct 04 2019 14:27:12 : user ggn00b@mail.ru failed login attempt
Oct 04 2019 14:27:16 : user 1 is successfully logged in
Oct 04 2019 14:27:21 : unknown user gg%n00b@mail.ru login attempt
Oct 04 2019 14:28:22 : unknown user gg!n00b@mail.ru login attempt
Oct 04 2019 14:28:54 : unknown user gg+n00b@mail.ru login attempt
Oct 04 2019 14:28:57 : user 1 is successfully logged in
Oct 04 2019 14:36:00 : user 1 updated user 4
Oct 04 2019 14:36:14 : user 1 requested user 4
Oct 04 2019 14:36:19 : user 1 updated user 4
Oct 04 2019 14:36:21 : user 1 requested user 4
Oct 04 2019 14:36:22 : user 1 requested user 4
Oct 04 2019 16:34:24 : user 1 requested user 1
Oct 04 2019 16:34:32 : user 1 requested user 4
Oct 04 2019 16:36:20 : user 1 updated user 4
Oct 04 2019 16:36:31 : user 1 updated user 4
Oct 04 2019 16:36:36 : user 1 requested user 4
Oct 04 2019 16:36:57 : user 1 requested user 4
Oct 04 2019 16:37:06 : user 1 requested all users list
Oct 07 2019 15:53:05 : user 1 requested user 3
Oct 07 2019 15:53:07 : user 1 requested user 3
Oct 07 2019 15:53:37 : user 1 updated user 3
Oct 07 2019 15:53:41 : user 1 requested user 3
Oct 07 2019 16:25:15 : user 1 requested user 3
Oct 07 2019 16:25:44 : user 1 updated user 3
Oct 07 2019 16:25:50 : user 1 updated user 3
Oct 07 2019 16:26:00 : user 1 requested user 3
Oct 07 2019 16:26:49 : user 1 requested user 3
Oct 07 2019 16:27:06 : user 1 requested user 3
Oct 07 2019 16:27:43 : user 1 updated user 3
Oct 07 2019 16:27:55 : user 1 updated user 3
Oct 07 2019 16:28:33 : user 1 updated user 3
Oct 07 2019 16:28:51 : user 1 updated user 3
Oct 07 2019 16:28:53 : user 1 requested user 3
Oct 07 2019 16:29:09 : user 1 requested user 3
Oct 07 2019 16:29:25 : user 1 updated user 3
Oct 07 2019 16:29:27 : user 1 requested user 3
Oct 07 2019 16:29:42 : user 1 updated user 3
Oct 07 2019 16:29:44 : user 1 requested user 3
Oct 07 2019 16:29:52 : user 1 updated user 3
Oct 07 2019 16:29:57 : user 1 updated user 3
Oct 07 2019 16:29:58 : user 1 requested user 3
Oct 07 2019 16:30:19 : user 1 updated user 3
Oct 07 2019 16:30:22 : user 1 requested user 3
Oct 07 2019 22:35:26 : MulterError, Unexpected field
Oct 07 2019 22:35:47 : SyntaxError, Unexpected string in JSON at position 158
Oct 07 2019 22:36:30 : SyntaxError: Unexpected string in JSON at position 158
Oct 07 2019 22:37:08 : SyntaxError: Unexpected string in JSON at position 158
Oct 07 2019 22:37:16 : MulterError: Unexpected field
Oct 07 2019 22:37:32 : MulterError: Unexpected field
Oct 07 2019 22:38:06 : MulterError: Unexpected field
Oct 07 2019 22:38:19 : MulterError: Unexpected field
Oct 07 2019 22:38:27 : activity is not validated
Oct 08 2019 12:04:42 : SyntaxError: Unexpected end of JSON input
Oct 08 2019 12:04:59 : SyntaxError: Unexpected end of JSON input
Oct 08 2019 12:26:26 : SyntaxError: Unexpected string in JSON at position 158
Oct 08 2019 12:26:59 : SyntaxError: Unexpected token , in JSON at position 224
Oct 08 2019 12:27:55 : SyntaxError: Unexpected token : in JSON at position 227
Oct 08 2019 13:58:47 : SyntaxError: Unexpected token ] in JSON at position 71
Oct 08 2019 14:01:47 : unsuccessful api key decode undefined
Oct 08 2019 14:02:02 : user 1 is successfully logged in
Oct 08 2019 14:02:16 : user 1 updated prescriptions for user 3
Oct 08 2019 14:08:34 : user 1 updated prescriptions for user 3
Oct 08 2019 14:08:44 : unsuccessful api key decode undefined
Oct 08 2019 14:08:56 : unsuccessful api key decode undefined
Oct 08 2019 14:08:58 : unsuccessful api key decode undefined
Oct 08 2019 14:09:14 : user 1 updated prescriptions for user 3
Oct 08 2019 17:36:05 : patients internal error Error: SQLITE_BUSY: database is locked
Oct 08 2019 17:36:17 : patients internal error Error: SQLITE_BUSY: database is locked
Oct 08 2019 17:38:35 : unsuccessful api key decode undefined
Oct 09 2019 09:36:56 : ReferenceError: req is not defined
Oct 09 2019 09:37:02 : ReferenceError: req is not defined
Oct 09 2019 09:37:12 : /api/users/3/activity/, undefined
Oct 09 2019 09:37:24 : /api/users/3/activity/, GET
Oct 09 2019 09:37:40 : GET /api/users/3/activity/
